mode: set
github.com/numeez-dvl/ENS/consumer_service.go:22.71,27.2 1 1
github.com/numeez-dvl/ENS/consumer_service.go:29.39,32.16 3 0
github.com/numeez-dvl/ENS/consumer_service.go:32.16,34.3 1 0
github.com/numeez-dvl/ENS/consumer_service.go:35.2,35.69 1 0
github.com/numeez-dvl/ENS/consumer_service.go:35.69,37.3 1 0
github.com/numeez-dvl/ENS/consumer_service.go:40.78,43.16 3 0
github.com/numeez-dvl/ENS/consumer_service.go:43.16,45.3 1 0
github.com/numeez-dvl/ENS/consumer_service.go:46.2,48.16 3 0
github.com/numeez-dvl/ENS/consumer_service.go:48.16,50.3 1 0
github.com/numeez-dvl/ENS/consumer_service.go:51.2,52.23 2 0
github.com/numeez-dvl/ENS/consumer_service.go:52.23,55.48 3 0
github.com/numeez-dvl/ENS/consumer_service.go:55.48,57.4 1 0
github.com/numeez-dvl/ENS/consumer_service.go:58.3,59.18 2 0
github.com/numeez-dvl/ENS/consumer_service.go:59.18,61.18 2 0
github.com/numeez-dvl/ENS/consumer_service.go:61.18,63.5 1 0
github.com/numeez-dvl/ENS/consumer_service.go:64.4,65.18 2 0
github.com/numeez-dvl/ENS/consumer_service.go:65.18,67.5 1 0
github.com/numeez-dvl/ENS/consumer_service.go:69.4,70.18 2 0
github.com/numeez-dvl/ENS/consumer_service.go:70.18,72.5 1 0
github.com/numeez-dvl/ENS/consumer_service.go:73.4,74.18 2 0
github.com/numeez-dvl/ENS/consumer_service.go:74.18,76.5 1 0
github.com/numeez-dvl/ENS/consumer_service.go:79.2,79.37 1 0
github.com/numeez-dvl/ENS/consumer_service.go:79.37,81.3 1 0
github.com/numeez-dvl/ENS/consumer_service.go:82.2,82.12 1 0
github.com/numeez-dvl/ENS/consumer_service.go:86.75,88.13 2 1
github.com/numeez-dvl/ENS/consumer_service.go:88.13,90.17 2 1
github.com/numeez-dvl/ENS/consumer_service.go:90.17,92.4 1 0
github.com/numeez-dvl/ENS/consumer_service.go:93.3,93.13 1 1
github.com/numeez-dvl/ENS/consumer_service.go:95.2,95.44 1 1
github.com/numeez-dvl/ENS/consumer_service.go:95.44,97.17 2 1
github.com/numeez-dvl/ENS/consumer_service.go:97.17,98.14 1 1
github.com/numeez-dvl/ENS/consumer_service.go:98.14,100.19 2 1
github.com/numeez-dvl/ENS/consumer_service.go:100.19,103.6 2 0
github.com/numeez-dvl/ENS/consumer_service.go:105.4,105.14 1 1
github.com/numeez-dvl/ENS/consumer_service.go:107.3,108.17 2 0
github.com/numeez-dvl/ENS/consumer_service.go:108.17,110.4 1 0
github.com/numeez-dvl/ENS/consumer_service.go:111.7,113.3 1 1
github.com/numeez-dvl/ENS/consumer_service.go:114.2,114.34 1 0
github.com/numeez-dvl/ENS/consumer_service.go:114.34,116.3 1 0
github.com/numeez-dvl/ENS/consumer_service.go:117.2,117.12 1 0
github.com/numeez-dvl/ENS/consumer_service.go:120.61,124.16 4 1
github.com/numeez-dvl/ENS/consumer_service.go:124.16,126.3 1 0
github.com/numeez-dvl/ENS/consumer_service.go:127.2,128.16 2 1
github.com/numeez-dvl/ENS/consumer_service.go:128.16,130.3 1 0
github.com/numeez-dvl/ENS/consumer_service.go:131.2,138.16 8 1
github.com/numeez-dvl/ENS/consumer_service.go:138.16,140.3 1 0
github.com/numeez-dvl/ENS/consumer_service.go:141.2,142.16 2 1
github.com/numeez-dvl/ENS/consumer_service.go:142.16,144.3 1 0
github.com/numeez-dvl/ENS/consumer_service.go:145.2,154.16 6 1
github.com/numeez-dvl/ENS/consumer_service.go:154.16,156.3 1 0
github.com/numeez-dvl/ENS/consumer_service.go:158.2,159.16 2 1
github.com/numeez-dvl/ENS/consumer_service.go:159.16,161.3 1 1
github.com/numeez-dvl/ENS/consumer_service.go:162.2,163.16 2 1
github.com/numeez-dvl/ENS/consumer_service.go:163.16,165.3 1 0
github.com/numeez-dvl/ENS/consumer_service.go:167.2,175.8 1 1
github.com/numeez-dvl/ENS/consumer_service.go:178.84,180.16 2 0
github.com/numeez-dvl/ENS/consumer_service.go:180.16,182.3 1 0
github.com/numeez-dvl/ENS/consumer_service.go:183.2,183.28 1 0
github.com/numeez-dvl/ENS/consumer_service.go:183.28,185.69 2 0
github.com/numeez-dvl/ENS/consumer_service.go:185.69,187.4 1 0
github.com/numeez-dvl/ENS/consumer_service.go:188.3,188.13 1 0
github.com/numeez-dvl/ENS/consumer_service.go:191.2,191.58 1 0
github.com/numeez-dvl/ENS/consumer_service.go:191.58,193.17 2 0
github.com/numeez-dvl/ENS/consumer_service.go:193.17,194.67 1 0
github.com/numeez-dvl/ENS/consumer_service.go:194.67,196.5 1 0
github.com/numeez-dvl/ENS/consumer_service.go:197.4,197.14 1 0
github.com/numeez-dvl/ENS/consumer_service.go:199.3,200.17 2 0
github.com/numeez-dvl/ENS/consumer_service.go:200.17,202.4 1 0
github.com/numeez-dvl/ENS/consumer_service.go:204.2,204.12 1 0
github.com/numeez-dvl/ENS/consumer_service.go:207.80,211.12 4 1
github.com/numeez-dvl/ENS/consumer_service.go:211.12,212.7 1 1
github.com/numeez-dvl/ENS/consumer_service.go:212.7,213.11 1 1
github.com/numeez-dvl/ENS/consumer_service.go:214.16,215.11 1 0
github.com/numeez-dvl/ENS/consumer_service.go:216.20,217.57 1 0
github.com/numeez-dvl/ENS/consumer_service.go:217.57,219.6 1 0
github.com/numeez-dvl/ENS/consumer_service.go:224.2,224.34 1 1
github.com/numeez-dvl/ENS/consumer_service.go:224.34,226.3 1 0
github.com/numeez-dvl/ENS/consumer_service.go:227.2,231.12 4 0
github.com/numeez-dvl/ENS/consumer_service.go:235.98,237.16 2 1
github.com/numeez-dvl/ENS/consumer_service.go:237.16,239.3 1 0
github.com/numeez-dvl/ENS/consumer_service.go:240.2,241.54 2 1
github.com/numeez-dvl/ENS/consumer_service.go:241.54,243.3 1 0
github.com/numeez-dvl/ENS/consumer_service.go:244.2,244.12 1 1
github.com/numeez-dvl/ENS/database.go:28.54,32.13 4 1
github.com/numeez-dvl/ENS/database.go:32.13,34.3 1 0
github.com/numeez-dvl/ENS/database.go:35.2,35.54 1 1
github.com/numeez-dvl/ENS/database.go:35.54,37.3 1 0
github.com/numeez-dvl/ENS/database.go:38.2,41.7 2 1
github.com/numeez-dvl/ENS/database.go:45.69,48.13 3 1
github.com/numeez-dvl/ENS/database.go:48.13,50.3 1 0
github.com/numeez-dvl/ENS/database.go:51.2,51.12 1 1
github.com/numeez-dvl/ENS/database.go:54.75,65.13 5 1
github.com/numeez-dvl/ENS/database.go:65.13,67.3 1 0
github.com/numeez-dvl/ENS/database.go:68.2,68.12 1 1
github.com/numeez-dvl/ENS/database.go:72.77,79.13 5 1
github.com/numeez-dvl/ENS/database.go:79.13,81.3 1 0
github.com/numeez-dvl/ENS/database.go:82.2,82.32 1 1
github.com/numeez-dvl/ENS/database.go:85.77,87.13 2 1
github.com/numeez-dvl/ENS/database.go:87.13,89.3 1 0
github.com/numeez-dvl/ENS/database.go:90.2,90.12 1 1
github.com/numeez-dvl/ENS/database.go:90.12,100.13 3 1
github.com/numeez-dvl/ENS/database.go:100.13,102.3 1 0
github.com/numeez-dvl/ENS/database.go:104.2,104.12 1 1
github.com/numeez-dvl/ENS/database.go:108.82,114.41 4 1
github.com/numeez-dvl/ENS/database.go:114.41,116.3 1 0
github.com/numeez-dvl/ENS/database.go:117.2,117.20 1 1
github.com/numeez-dvl/ENS/email.go:13.46,15.19 2 1
github.com/numeez-dvl/ENS/email.go:15.19,17.3 1 1
github.com/numeez-dvl/ENS/email.go:18.2,19.12 2 0
github.com/numeez-dvl/ENS/email.go:25.57,41.2 2 0
github.com/numeez-dvl/ENS/generateHtmlCoverage.go:9.34,13.33 3 0
github.com/numeez-dvl/ENS/generateHtmlCoverage.go:13.33,15.3 1 0
github.com/numeez-dvl/ENS/generateHtmlCoverage.go:16.2,16.37 1 0
github.com/numeez-dvl/ENS/generateHtmlCoverage.go:16.37,18.3 1 0
github.com/numeez-dvl/ENS/main.go:7.12,9.2 1 0
github.com/numeez-dvl/ENS/producer_service.go:24.71,29.2 1 1
github.com/numeez-dvl/ENS/producer_service.go:31.39,35.69 4 0
github.com/numeez-dvl/ENS/producer_service.go:35.69,37.3 1 0
github.com/numeez-dvl/ENS/producer_service.go:40.93,41.21 1 1
github.com/numeez-dvl/ENS/producer_service.go:41.21,43.3 1 1
github.com/numeez-dvl/ENS/producer_service.go:44.2,46.16 3 1
github.com/numeez-dvl/ENS/producer_service.go:46.16,48.3 1 0
github.com/numeez-dvl/ENS/producer_service.go:49.2,51.16 3 1
github.com/numeez-dvl/ENS/producer_service.go:51.16,53.3 1 0
github.com/numeez-dvl/ENS/producer_service.go:54.2,55.12 2 1
github.com/numeez-dvl/ENS/producer_service.go:59.50,60.54 1 0
github.com/numeez-dvl/ENS/producer_service.go:60.54,62.17 2 0
github.com/numeez-dvl/ENS/producer_service.go:62.17,64.4 1 0
github.com/numeez-dvl/ENS/producer_service.go:68.51,72.2 3 1
github.com/numeez-dvl/ENS/producer_service.go:74.67,78.2 3 1
github.com/numeez-dvl/ENS/services.go:11.13,14.13 3 0
github.com/numeez-dvl/ENS/services.go:14.13,16.3 1 0
github.com/numeez-dvl/ENS/services.go:17.2,20.11 4 0
github.com/numeez-dvl/ENS/services.go:20.11,22.3 1 0
github.com/numeez-dvl/ENS/services.go:24.2,24.11 1 0
github.com/numeez-dvl/ENS/services.go:24.11,26.3 1 0
github.com/numeez-dvl/ENS/services.go:28.2,28.11 1 0
github.com/numeez-dvl/ENS/types.go:37.85,47.2 1 0
github.com/numeez-dvl/ENS/types.go:49.48,59.2 1 1
