mode: set
github.com/numeez-dvl/ENS/consumer_service.go:25.69,30.2 1 0
github.com/numeez-dvl/ENS/consumer_service.go:32.36,35.13 3 0
github.com/numeez-dvl/ENS/consumer_service.go:35.13,37.3 1 0
github.com/numeez-dvl/ENS/consumer_service.go:38.2,38.62 1 0
github.com/numeez-dvl/ENS/consumer_service.go:38.62,40.3 1 0
github.com/numeez-dvl/ENS/consumer_service.go:44.75,47.13 3 0
github.com/numeez-dvl/ENS/consumer_service.go:47.13,49.3 1 0
github.com/numeez-dvl/ENS/consumer_service.go:50.2,52.13 3 0
github.com/numeez-dvl/ENS/consumer_service.go:52.13,54.3 1 0
github.com/numeez-dvl/ENS/consumer_service.go:55.2,56.22 2 0
github.com/numeez-dvl/ENS/consumer_service.go:56.22,59.42 3 0
github.com/numeez-dvl/ENS/consumer_service.go:59.42,61.4 1 0
github.com/numeez-dvl/ENS/consumer_service.go:62.3,63.15 2 0
github.com/numeez-dvl/ENS/consumer_service.go:63.15,65.14 2 0
github.com/numeez-dvl/ENS/consumer_service.go:65.14,67.4 1 0
github.com/numeez-dvl/ENS/consumer_service.go:68.3,69.14 2 0
github.com/numeez-dvl/ENS/consumer_service.go:69.14,71.4 1 0
github.com/numeez-dvl/ENS/consumer_service.go:73.3,74.14 2 0
github.com/numeez-dvl/ENS/consumer_service.go:74.14,76.4 1 0
github.com/numeez-dvl/ENS/consumer_service.go:77.3,78.14 2 0
github.com/numeez-dvl/ENS/consumer_service.go:78.14,80.4 1 0
github.com/numeez-dvl/ENS/consumer_service.go:83.2,83.31 1 0
github.com/numeez-dvl/ENS/consumer_service.go:83.31,85.3 1 0
github.com/numeez-dvl/ENS/consumer_service.go:86.2,86.12 1 0
github.com/numeez-dvl/ENS/consumer_service.go:91.58,93.41 2 0
github.com/numeez-dvl/ENS/consumer_service.go:93.41,95.14 2 0
github.com/numeez-dvl/ENS/consumer_service.go:95.14,96.12 1 0
github.com/numeez-dvl/ENS/consumer_service.go:96.12,97.15 2 0
github.com/numeez-dvl/ENS/consumer_service.go:97.15,100.5 2 0
github.com/numeez-dvl/ENS/consumer_service.go:101.3,101.13 1 0
github.com/numeez-dvl/ENS/consumer_service.go:103.3,104.14 2 0
github.com/numeez-dvl/ENS/consumer_service.go:104.14,106.4 1 0
github.com/numeez-dvl/ENS/consumer_service.go:108.2,108.28 1 0
github.com/numeez-dvl/ENS/consumer_service.go:108.28,110.3 1 0
github.com/numeez-dvl/ENS/consumer_service.go:111.2,111.12 1 0
github.com/numeez-dvl/ENS/consumer_service.go:115.58,119.14 4 0
github.com/numeez-dvl/ENS/consumer_service.go:119.14,121.4 1 0
github.com/numeez-dvl/ENS/consumer_service.go:122.3,123.14 2 0
github.com/numeez-dvl/ENS/consumer_service.go:123.14,125.4 1 0
github.com/numeez-dvl/ENS/consumer_service.go:126.2,133.14 8 0
github.com/numeez-dvl/ENS/consumer_service.go:133.14,135.4 1 0
github.com/numeez-dvl/ENS/consumer_service.go:136.3,137.14 2 0
github.com/numeez-dvl/ENS/consumer_service.go:137.14,139.4 1 0
github.com/numeez-dvl/ENS/consumer_service.go:140.2,149.13 6 0
github.com/numeez-dvl/ENS/consumer_service.go:149.13,151.3 1 0
github.com/numeez-dvl/ENS/consumer_service.go:153.2,154.13 2 0
github.com/numeez-dvl/ENS/consumer_service.go:154.13,156.3 1 0
github.com/numeez-dvl/ENS/consumer_service.go:157.2,158.13 2 0
github.com/numeez-dvl/ENS/consumer_service.go:158.13,160.3 1 0
github.com/numeez-dvl/ENS/consumer_service.go:162.2,171.7 1 0
github.com/numeez-dvl/ENS/consumer_service.go:175.82,177.13 2 0
github.com/numeez-dvl/ENS/consumer_service.go:177.13,179.3 1 0
github.com/numeez-dvl/ENS/consumer_service.go:180.2,180.25 1 0
github.com/numeez-dvl/ENS/consumer_service.go:180.25,182.62 2 0
github.com/numeez-dvl/ENS/consumer_service.go:182.62,184.4 1 0
github.com/numeez-dvl/ENS/consumer_service.go:185.3,185.13 1 0
github.com/numeez-dvl/ENS/consumer_service.go:188.2,188.53 1 0
github.com/numeez-dvl/ENS/consumer_service.go:188.53,190.14 2 0
github.com/numeez-dvl/ENS/consumer_service.go:190.14,191.60 1 0
github.com/numeez-dvl/ENS/consumer_service.go:191.60,193.5 1 0
github.com/numeez-dvl/ENS/consumer_service.go:194.4,194.14 1 0
github.com/numeez-dvl/ENS/consumer_service.go:196.3,197.14 2 0
github.com/numeez-dvl/ENS/consumer_service.go:197.14,199.4 1 0
github.com/numeez-dvl/ENS/consumer_service.go:201.2,201.12 1 0
github.com/numeez-dvl/ENS/consumer_service.go:204.77,208.11 4 0
github.com/numeez-dvl/ENS/consumer_service.go:208.11,209.7 1 0
github.com/numeez-dvl/ENS/consumer_service.go:209.7,210.10 1 0
github.com/numeez-dvl/ENS/consumer_service.go:211.15,212.11 1 0
github.com/numeez-dvl/ENS/consumer_service.go:213.19,214.50 1 0
github.com/numeez-dvl/ENS/consumer_service.go:214.50,216.6 1 0
github.com/numeez-dvl/ENS/consumer_service.go:221.2,221.28 1 0
github.com/numeez-dvl/ENS/consumer_service.go:221.28,223.3 1 0
github.com/numeez-dvl/ENS/consumer_service.go:224.2,228.12 4 0
github.com/numeez-dvl/ENS/consumer_service.go:233.93,235.13 2 0
github.com/numeez-dvl/ENS/consumer_service.go:235.13,237.3 1 0
github.com/numeez-dvl/ENS/consumer_service.go:238.2,239.46 2 0
github.com/numeez-dvl/ENS/consumer_service.go:239.46,241.3 1 0
github.com/numeez-dvl/ENS/consumer_service.go:242.2,242.12 1 0
github.com/numeez-dvl/ENS/database.go:28.54,32.13 4 1
github.com/numeez-dvl/ENS/database.go:32.13,34.3 1 0
github.com/numeez-dvl/ENS/database.go:35.2,35.54 1 1
github.com/numeez-dvl/ENS/database.go:35.54,37.3 1 0
github.com/numeez-dvl/ENS/database.go:38.2,41.7 2 1
github.com/numeez-dvl/ENS/database.go:45.69,48.13 3 1
github.com/numeez-dvl/ENS/database.go:48.13,50.3 1 0
github.com/numeez-dvl/ENS/database.go:51.2,51.12 1 1
github.com/numeez-dvl/ENS/database.go:54.75,65.13 5 1
github.com/numeez-dvl/ENS/database.go:65.13,67.3 1 0
github.com/numeez-dvl/ENS/database.go:68.2,68.12 1 1
github.com/numeez-dvl/ENS/database.go:72.77,79.13 5 1
github.com/numeez-dvl/ENS/database.go:79.13,81.3 1 0
github.com/numeez-dvl/ENS/database.go:82.2,82.32 1 1
github.com/numeez-dvl/ENS/database.go:85.77,87.13 2 1
github.com/numeez-dvl/ENS/database.go:87.13,89.3 1 0
github.com/numeez-dvl/ENS/database.go:90.2,90.12 1 1
github.com/numeez-dvl/ENS/database.go:90.12,100.13 3 1
github.com/numeez-dvl/ENS/database.go:100.13,102.3 1 0
github.com/numeez-dvl/ENS/database.go:104.2,104.12 1 1
github.com/numeez-dvl/ENS/database.go:108.82,114.41 4 1
github.com/numeez-dvl/ENS/database.go:114.41,116.3 1 0
github.com/numeez-dvl/ENS/database.go:117.2,117.20 1 1
github.com/numeez-dvl/ENS/email.go:13.46,15.19 2 0
github.com/numeez-dvl/ENS/email.go:15.19,17.3 1 0
github.com/numeez-dvl/ENS/email.go:18.2,19.12 2 0
github.com/numeez-dvl/ENS/email.go:25.57,41.2 2 0
github.com/numeez-dvl/ENS/generateHtmlCoverage.go:9.34,13.33 3 0
github.com/numeez-dvl/ENS/generateHtmlCoverage.go:13.33,15.3 1 0
github.com/numeez-dvl/ENS/generateHtmlCoverage.go:16.2,16.37 1 0
github.com/numeez-dvl/ENS/generateHtmlCoverage.go:16.37,18.3 1 0
github.com/numeez-dvl/ENS/main.go:7.12,10.2 1 0
github.com/numeez-dvl/ENS/producer_service.go:24.71,29.2 1 0
github.com/numeez-dvl/ENS/producer_service.go:31.39,35.69 4 0
github.com/numeez-dvl/ENS/producer_service.go:35.69,37.3 1 0
github.com/numeez-dvl/ENS/producer_service.go:40.93,41.21 1 0
github.com/numeez-dvl/ENS/producer_service.go:41.21,43.3 1 0
github.com/numeez-dvl/ENS/producer_service.go:44.2,46.16 3 0
github.com/numeez-dvl/ENS/producer_service.go:46.16,48.3 1 0
github.com/numeez-dvl/ENS/producer_service.go:49.2,51.16 3 0
github.com/numeez-dvl/ENS/producer_service.go:51.16,53.3 1 0
github.com/numeez-dvl/ENS/producer_service.go:54.2,55.12 2 0
github.com/numeez-dvl/ENS/producer_service.go:59.50,60.54 1 0
github.com/numeez-dvl/ENS/producer_service.go:60.54,62.17 2 0
github.com/numeez-dvl/ENS/producer_service.go:62.17,64.4 1 0
github.com/numeez-dvl/ENS/producer_service.go:68.51,72.2 3 0
github.com/numeez-dvl/ENS/producer_service.go:74.67,78.2 3 0
github.com/numeez-dvl/ENS/services.go:11.13,14.13 3 0
github.com/numeez-dvl/ENS/services.go:14.13,16.3 1 0
github.com/numeez-dvl/ENS/services.go:17.2,20.11 4 0
github.com/numeez-dvl/ENS/services.go:20.11,22.3 1 0
github.com/numeez-dvl/ENS/services.go:24.2,24.11 1 0
github.com/numeez-dvl/ENS/services.go:24.11,26.3 1 0
github.com/numeez-dvl/ENS/services.go:28.2,28.11 1 0
github.com/numeez-dvl/ENS/types.go:37.85,47.2 1 0
github.com/numeez-dvl/ENS/types.go:49.48,59.2 1 1
